build/app/outputs/mapping/release/configuration.txt
# The proguard configuration file for the following section is intermediates/proguard-files/proguard-android.txt-4.1.0
# This is a configuration file for ProGuard.
# http://proguard.sourceforge.net/index.html#manual/usage.html
#
# Starting with version 2.2 of the Android plugin for Gradle, this file is distributed together with
# the plugin and unpacked at build-time. The files in $ANDROID_HOME are no longer maintained and
# will be ignored by new version of the Android plugin for Gradle.

# Optimization is turned off by default. Dex does not like code run
# through the ProGuard optimize steps (and performs some
# of these optimizations on its own).
# Note that if you want to enable optimization, you cannot just
# include optimization flags in your own project configuration file;
# instead you will need to point to the
# "proguard-android-optimize.txt" file instead of this one from your
# project.properties file.
-dontoptimize

-dontusemixedcaseclassnames
-dontskipnonpubliclibraryclasses
-verbose

# Preserve some attributes that may be required for reflection.
-keepattributes *Annotation*,Signature,InnerClasses,EnclosingMethod

-keep public class com.google.vending.licensing.ILicensingService
-keep public class com.android.vending.licensing.ILicensingService
-keep public class com.google.android.vending.licensing.ILicensingService
-dontnote com.android.vending.licensing.ILicensingService
-dontnote com.google.vending.licensing.ILicensingService
-dontnote com.google.android.vending.licensing.ILicensingService

# For native methods, see http://proguard.sourceforge.net/manual/examples.html#native
-keepclasseswithmembernames,includedescriptorclasses class * {
    native <methods>;
}

# Keep setters in Views so that animations can still work.
-keepclassmembers public class * extends android.view.View {
    void set*(***);
    *** get*();
}

# We want to keep methods in Activity that could be used in the XML attribute onClick.
-keepclassmembers class * extends android.app.Activity {
    public void *(android.view.View);
}

# For enumeration classes, see http://proguard.sourceforge.net/manual/examples.html#enumerations
-keepclassmembers enum * {
    public static **[] values();
    public static ** valueOf(java.lang.String);
}

-keepclassmembers class * implements android.os.Parcelable {
    public static final ** CREATOR;
}

# Preserve annotated Javascript interface methods.
-keepclassmembers class * {
    @android.webkit.JavascriptInterface <methods>;
}

# The support libraries contains references to newer platform versions.
# Don't warn about those in case this app is linking against an older
# platform version. We know about them, and they are safe.
-dontnote android.support.**
-dontnote androidx.**
-dontwarn android.support.**
-dontwarn androidx.**

# This class is deprecated, but remains for backward compatibility.
-dontwarn android.util.FloatMath

# Understand the @Keep support annotation.
-keep class android.support.annotation.Keep
-keep class androidx.annotation.Keep

-keep @android.support.annotation.Keep class * {*;}
-keep @androidx.annotation.Keep class * {*;}

-keepclasseswithmembers class * {
    @android.support.annotation.Keep <methods>;
}

-keepclasseswithmembers class * {
    @androidx.annotation.Keep <methods>;
}

-keepclasseswithmembers class * {
    @android.support.annotation.Keep <fields>;
}

-keepclasseswithmembers class * {
    @androidx.annotation.Keep <fields>;
}

-keepclasseswithmembers class * {
    @android.support.annotation.Keep <init>(...);
}

-keepclasseswithmembers class * {
    @androidx.annotation.Keep <init>(...);
}

# These classes are duplicated between android.jar and org.apache.http.legacy.jar.
-dontnote org.apache.http.**
-dontnote android.net.http.**

# These classes are duplicated between android.jar and core-lambda-stubs.jar.
-dontnote java.lang.invoke.**

# End of content from intermediates/proguard-files/proguard-android.txt-4.1.0
# The proguard configuration file for the following section is flutter_tools/gradle/flutter_proguard_rules.pro
# Build the ephemeral app in a module project.
# Prevents: Warning: library class <plugin-package> depends on program class io.flutter.plugin.**
# This is due to plugins (libraries) depending on the embedding (the program jar)
-dontwarn io.flutter.plugin.**

# The android.** package is provided by the OS at runtime.
-dontwarn android.**

# End of content from flutter_tools/gradle/flutter_proguard_rules.pro
# The proguard configuration file for the following section is aapt_proguard_file/release/aapt_rules.txt
-keep class androidx.core.app.CoreComponentFactory { <init>(); }
-keep class androidx.multidex.MultiDexApplication { <init>(); }
-keep class com.google.android.gms.common.api.GoogleApiActivity { <init>(); }
-keep class com.google.android.gms.measurement.AppMeasurementJobService { <init>(); }
-keep class com.google.android.gms.measurement.AppMeasurementReceiver { <init>(); }
-keep class com.google.android.gms.measurement.AppMeasurementService { <init>(); }
-keep class com.google.firebase.auth.internal.GenericIdpActivity { <init>(); }
-keep class com.google.firebase.auth.internal.RecaptchaActivity { <init>(); }
-keep class com.google.firebase.components.ComponentDiscoveryService { <init>(); }
-keep class com.google.firebase.provider.FirebaseInitProvider { <init>(); }
-keep class io.flutter.embedding.android.FlutterActivity { <init>(); }
-keep class android.widget.Space { <init>(android.content.Context, android.util.AttributeSet); }

-keep class androidx.appcompat.app.AlertController$RecycleListView { <init>(android.content.Context, android.util.AttributeSet); }

-keep class androidx.appcompat.view.menu.ActionMenuItemView { <init>(android.content.Context, android.util.AttributeSet); }

-keep class androidx.appcompat.view.menu.ExpandedMenuView { <init>(android.content.Context, android.util.AttributeSet); }

-keep class androidx.appcompat.view.menu.ListMenuItemView { <init>(android.content.Context, android.util.AttributeSet); }

-keep class androidx.appcompat.widget.ActionBarContainer { <init>(android.content.Context, android.util.AttributeSet); }

-keep class androidx.appcompat.widget.ActionBarContextView { <init>(android.content.Context, android.util.AttributeSet); }

-keep class androidx.appcompat.widget.ActionBarOverlayLayout { <init>(android.content.Context, android.util.AttributeSet); }

-keep class androidx.appcompat.widget.ActionMenuView { <init>(android.content.Context, android.util.AttributeSet); }

-keep class androidx.appcompat.widget.ActivityChooserView$InnerLayout { <init>(android.content.Context, android.util.AttributeSet); }

-keep class androidx.appcompat.widget.AlertDialogLayout { <init>(android.content.Context, android.util.AttributeSet); }

-keep class androidx.appcompat.widget.ButtonBarLayout { <init>(android.content.Context, android.util.AttributeSet); }

-keep class androidx.appcompat.widget.ContentFrameLayout { <init>(android.content.Context, android.util.AttributeSet); }

-keep class androidx.appcompat.widget.DialogTitle { <init>(android.content.Context, android.util.AttributeSet); }

-keep class androidx.appcompat.widget.FitWindowsFrameLayout { <init>(android.content.Context, android.util.AttributeSet); }

-keep class androidx.appcompat.widget.FitWindowsLinearLayout { <init>(android.content.Context, android.util.AttributeSet); }

-keep class androidx.appcompat.widget.SearchView$SearchAutoComplete { <init>(android.content.Context, android.util.AttributeSet); }

-keep class androidx.appcompat.widget.Toolbar { <init>(android.content.Context, android.util.AttributeSet); }

-keep class androidx.appcompat.widget.ViewStubCompat { <init>(android.content.Context, android.util.AttributeSet); }

-keep class androidx.browser.browseractions.BrowserActionsFallbackMenuView { <init>(android.content.Context, android.util.AttributeSet); }

-keep class androidx.core.widget.NestedScrollView { <init>(android.content.Context, android.util.AttributeSet); }


# End of content from aapt_proguard_file/release/aapt_rules.txt
# The proguard configuration file for the following section is b6dd1cd6818b0e67866b12686e77d728/jetified-firebase-auth-21.1.0/proguard.txt
-dontwarn com.google.appengine.api.**
-dontwarn okio.**
-dontwarn org.apache.**
-dontwarn retrofit.android.**
-dontwarn retrofit.appengine.**
-dontwarn retrofit.client.**
-dontwarn rx.**

# This is necessary for keeping SecureTokenHttpApi and IdentityToolkitHttpApi
# Otherwise those classes get stripped out, as they are only being used
# reflectively.

-keepclasseswithmembernames interface * {
    @retrofit.http.* <methods>;
}

# We keep all fields for every generated proto file as the runtime uses
# reflection over them that ProGuard cannot detect. Without this keep
# rule, fields may be removed that would cause runtime failures.
-keepclassmembers class * extends com.google.android.gms.internal.firebase-auth-api.zzadf {
  <fields>;
}

# End of content from b6dd1cd6818b0e67866b12686e77d728/jetified-firebase-auth-21.1.0/proguard.txt
# The proguard configuration file for the following section is 3caebf5d999df2b58827706a2b404361/jetified-firebase-firestore-24.4.0/proguard.txt
# Needed for DNS resolution.  Present in OpenJDK, but not Android
-dontwarn javax.naming.**

# Don't warn about checkerframework
#
# Guava uses the checkerframework and the annotations
# can safely be ignored at runtime.
-dontwarn org.checkerframework.**

# Guava warnings:
-dontwarn java.lang.ClassValue
-dontwarn com.google.j2objc.annotations.Weak
-dontwarn org.codehaus.mojo.animal_sniffer.IgnoreJRERequirement
-dontwarn javax.lang.model.element.Modifier

# Okhttp warnings.
-dontwarn okio.**
-dontwarn com.google.j2objc.annotations.**

# End of content from 3caebf5d999df2b58827706a2b404361/jetified-firebase-firestore-24.4.0/proguard.txt
# The proguard configuration file for the following section is 26f0b5b64d46189b72f7b98429fd45b7/jetified-play-services-measurement-api-21.2.0/proguard.txt
# Can be removed once we pull in a dependency on firebase-common that includes
# https://github.com/firebase/firebase-android-sdk/pull/1472/commits/856f1ca1151cdd88679bbc778892f23dfa34fc06#diff-a2ed34b5a38b4c6c686b09e54865eb48
-dontwarn com.google.auto.value.AutoValue
-dontwarn com.google.auto.value.AutoValue$Builder

# We keep all fields for every generated proto file as the runtime uses
# reflection over them that ProGuard cannot detect. Without this keep
# rule, fields may be removed that would cause runtime failures.
-keepclassmembers class * extends com.google.android.gms.internal.measurement.zzkf {
  <fields>;
}

# End of content from 26f0b5b64d46189b72f7b98429fd45b7/jetified-play-services-measurement-api-21.2.0/proguard.txt
# The proguard configuration file for the following section is ea9fdd89962f5970d4187dd1d760a618/jetified-firebase-auth-interop-20.0.0/proguard.txt
# Can be removed once we pull in a dependency on firebase-common that includes
# https://github.com/firebase/firebase-android-sdk/pull/1472/commits/856f1ca1151cdd88679bbc778892f23dfa34fc06#diff-a2ed34b5a38b4c6c686b09e54865eb48
-dontwarn com.google.auto.value.AutoValue
-dontwarn com.google.auto.value.AutoValue$Builder

# End of content from ea9fdd89962f5970d4187dd1d760a618/jetified-firebase-auth-interop-20.0.0/proguard.txt
# The proguard configuration file for the following section is bb7aefc4bdfaf5e14e73942aa96bcccb/jetified-firebase-common-20.2.0/proguard.txt
-dontwarn com.google.firebase.platforminfo.KotlinDetector
-dontwarn com.google.auto.value.AutoValue
-dontwarn com.google.auto.value.AutoValue$Builder

# End of content from bb7aefc4bdfaf5e14e73942aa96bcccb/jetified-firebase-common-20.2.0/proguard.txt
# The proguard configuration file for the following section is b51802a4c15737ee08e9d3b786950aa9/appcompat-1.3.0/proguard.txt
# Copyright (C) 2018 The Android Open Source Project
#
# Licensed under the Apache License, Version 2.0 (the "License");
# you may not use this file except in compliance with the License.
# You may obtain a copy of the License at
#
#      http://www.apache.org/licenses/LICENSE-2.0
#
# Unless required by applicable law or agreed to in writing, software
# distributed under the License is distributed on an "AS IS" BASIS,
# WITHOUT WARRANTIES OR CONDITIONS OF ANY KIND, either express or implied.
# See the License for the specific language governing permissions and
# limitations under the License.

# aapt is not able to read app::actionViewClass and app:actionProviderClass to produce proguard
# keep rules. Add a commonly used SearchView to the keep list until b/109831488 is resolved.
-keep class androidx.appcompat.widget.SearchView { <init>(...); }

# Never inline methods, but allow shrinking and obfuscation.
-keepclassmembernames,allowobfuscation,allowshrinking class androidx.appcompat.widget.AppCompatTextViewAutoSizeHelper$Impl* {
  <methods>;
}

# End of content from b51802a4c15737ee08e9d3b786950aa9/appcompat-1.3.0/proguard.txt
# The proguard configuration file for the following section is ce7de60978158c30496451de8630b398/rules-1.2.0/proguard.txt
# for 'can't find referenced method 'android.app.Instrumentation$ActivityResult execStartActivity' etc
-dontwarn androidx.test.runner.MonitoringInstrumentation

# for 'library class android.test.* extends or implements program class'
-dontwarn android.test.**

# End of content from ce7de60978158c30496451de8630b398/rules-1.2.0/proguard.txt
# The proguard configuration file for the following section is 51a56d9ccffe0b392afe20b0499796ff/espresso-core-3.2.0/proguard.txt
# Common proguard flags for all the espresso libraries.

# ignore 'cannot find java.beans and mockito integration' warnings
-dontwarn org.hamcrest.**

# ignore 'can't find referenced class sun.misc.Unsafe' from guava
-dontwarn androidx.test.espresso.core.deps.guava.**

# ignore 'can't find referenced class javax.lang.model.element.Modifier'
-dontwarn com.squareup.javawriter.JavaWriter

# ignore 'can't find referenced class sun.misc.Unsafe, libcore.io.Memory' from protobuf
-dontwarn androidx.test.espresso.core.deps.protobuf.**

# ignore 'can't find referenced method android.app.Instrumentation' from android.jar
-dontwarn androidx.test.runner.MonitoringInstrumentation

# End of content from 51a56d9ccffe0b392afe20b0499796ff/espresso-core-3.2.0/proguard.txt
# The proguard configuration file for the following section is f3bfa893c134b8db000dcbaac214f35b/runner-1.2.0/proguard.txt
# Proguard flags for the AndroidJUnitRunner library.

# avoid obfuscation of the instrumentation runners and orchestrator
-keepnames class androidx.test.**

# Annotation classes accessed via reflection
-keep class androidx.test.annotation.** { *; }

# for 'can't find referenced method 'android.app.Instrumentation$ActivityResult execStartActivity' etc
-dontwarn androidx.test.runner.MonitoringInstrumentation

# for 'library class android.test.* extends or implements program class'
-dontwarn android.test.**

# for 'can't find referenced class java.lang.management.RuntimeMXBean'
-dontwarn org.junit.rules.DisableOnDebug

# for 'can't find referenced class java.lang.management.ThreadMXBean'
-dontwarn org.junit.internal.runners.statements.FailOnTimeout

# for 'can't find referenced class java.beans.**, easymock, etc
-dontwarn org.hamcrest.**
# End of content from f3bfa893c134b8db000dcbaac214f35b/runner-1.2.0/proguard.txt
# The proguard configuration file for the following section is bfd5e55f20491ef757cdb627b00d9a16/jetified-play-services-measurement-21.2.0/proguard.txt
# We keep all fields for every generated proto file as the runtime uses
# reflection over them that ProGuard cannot detect. Without this keep
# rule, fields may be removed that would cause runtime failures.
-keepclassmembers class * extends com.google.android.gms.internal.measurement.zzkf {
  <fields>;
}

# End of content from bfd5e55f20491ef757cdb627b00d9a16/jetified-play-services-measurement-21.2.0/proguard.txt
# The proguard configuration file for the following section is 3f475b12ae05fce796b08113cd83f3c5/jetified-play-services-measurement-sdk-21.2.0/proguard.txt
# We keep all fields for every generated proto file as the runtime uses
# reflection over them that ProGuard cannot detect. Without this keep
# rule, fields may be removed that would cause runtime failures.
-keepclassmembers class * extends com.google.android.gms.internal.measurement.zzkf {
  <fields>;
}

# End of content from 3f475b12ae05fce796b08113cd83f3c5/jetified-play-services-measurement-sdk-21.2.0/proguard.txt
# The proguard configuration file for the following section is 08c485211743d056a606ce8bf66f41b6/jetified-play-services-base-18.0.1/proguard.txt
# b/35135904 Ensure that proguard will not strip the mResultGuardian.
-keepclassmembers class com.google.android.gms.common.api.internal.BasePendingResult {
  com.google.android.gms.common.api.internal.BasePendingResult$ReleasableResultGuardian mResultGuardian;
}



# End of content from 08c485211743d056a606ce8bf66f41b6/jetified-play-services-base-18.0.1/proguard.txt
# The proguard configuration file for the following section is 76c5e41f8421838ec3b6698b68c6b255/jetified-play-services-tasks-18.0.1/proguard.txt


# End of content from 76c5e41f8421838ec3b6698b68c6b255/jetified-play-services-tasks-18.0.1/proguard.txt
# The proguard configuration file for the following section is e2a215e25f4ea503801a6bc2ac1543e8/jetified-play-services-measurement-impl-21.2.0/proguard.txt
# We keep all fields for every generated proto file as the runtime uses
# reflection over them that ProGuard cannot detect. Without this keep
# rule, fields may be removed that would cause runtime failures.
-keepclassmembers class * extends com.google.android.gms.internal.measurement.zzkf {
  <fields>;
}

# End of content from e2a215e25f4ea503801a6bc2ac1543e8/jetified-play-services-measurement-impl-21.2.0/proguard.txt
# The proguard configuration file for the following section is 72477dc5b952e1fc1690a15097e09b6e/jetified-play-services-measurement-sdk-api-21.2.0/proguard.txt
# We keep all fields for every generated proto file as the runtime uses
# reflection over them that ProGuard cannot detect. Without this keep
# rule, fields may be removed that would cause runtime failures.
-keepclassmembers class * extends com.google.android.gms.internal.measurement.zzkf {
  <fields>;
}

# End of content from 72477dc5b952e1fc1690a15097e09b6e/jetified-play-services-measurement-sdk-api-21.2.0/proguard.txt
# The proguard configuration file for the following section is b2d02c6a52f99c2360369241695307af/jetified-play-services-measurement-base-21.2.0/proguard.txt
# We keep all fields for every generated proto file as the runtime uses
# reflection over them that ProGuard cannot detect. Without this keep
# rule, fields may be removed that would cause runtime failures.
-keepclassmembers class * extends com.google.android.gms.internal.measurement.zzkf {
  <fields>;
}

# End of content from b2d02c6a52f99c2360369241695307af/jetified-play-services-measurement-base-21.2.0/proguard.txt
# The proguard configuration file for the following section is 8822c048cd0ee0a85396da91f965c2a7/jetified-play-services-basement-18.1.0/proguard.txt
# Needed when building against pre-Marshmallow SDK.
-dontwarn android.security.NetworkSecurityPolicy

# Needed when building against Marshmallow SDK.
-dontwarn android.app.Notification

# Protobuf has references not on the Android boot classpath
-dontwarn sun.misc.Unsafe
-dontwarn libcore.io.Memory

# Internal Google annotations for generating Proguard keep rules.
-dontwarn com.google.android.apps.common.proguard.UsedBy*

# Annotations referenced by the SDK but whose definitions are contained in
# non-required dependencies.
-dontwarn javax.annotation.**
-dontwarn org.checkerframework.**
-dontwarn com.google.errorprone.annotations.**
-dontwarn org.jspecify.nullness.NullMarked

# Proguard flags for consumers of the Google Play services SDK
# https://developers.google.com/android/guides/setup#add_google_play_services_to_your_project