build/app/outputs/mapping/release/seeds.txt
io.flutter.view.AccessibilityViewEmbedder: void setFlutterNodeParent(android.view.accessibility.AccessibilityNodeInfo,android.view.View,android.view.accessibility.AccessibilityNodeInfo)
androidx.window.embedding.SplitInfo: androidx.window.embedding.ActivityStack getSecondaryActivityStack()
androidx.window.layout.SidecarWindowBackend$Companion: androidx.window.layout.ExtensionInterfaceCompat initAndVerifyExtension(android.content.Context)
com.google.protobuf.WireFormat$FieldType: com.google.protobuf.WireFormat$FieldType valueOf(java.lang.String)
com.google.android.gms.internal.measurement.zzgd: java.lang.String zzX
com.google.firestore.v1.DocumentRemove
androidx.window.R$attr: int splitLayoutDirection
androidx.vectordrawable.graphics.drawable.VectorDrawableCompat$VClipPath
com.google.firestore.v1.Target: int RESUME_TOKEN_FIELD_NUMBER
com.google.android.gms.internal.measurement.zzgd: long zzB
com.google.firestore.v1.DocumentDelete: com.google.protobuf.Internal$IntList removedTargetIds_
com.google.protobuf.Any: com.google.protobuf.ByteString value_
com.google.firebase.auth.PhoneAuthProvider$ForceResendingToken: android.os.Parcelable$Creator CREATOR
androidx.appcompat.widget.AppCompatRadioButton: void setSupportBackgroundTintList(android.content.res.ColorStateList)
androidx.appcompat.widget.AppCompatRadioButton: int getCompoundPaddingLeft()
com.google.android.gms.measurement.internal.AppMeasurementDynamiteService: void setDefaultEventParameters(android.os.Bundle)
com.google.android.gms.internal.measurement.zzkc
androidx.window.layout.ActivityCompatHelperApi24
androidx.window.embedding.EmptyEmbeddingComponent: void setSplitInfoCallback(java.util.function.Consumer)
com.google.firestore.v1.StructuredQuery$Filter: int FIELD_FILTER_FIELD_NUMBER
androidx.window.layout.ExtensionsWindowLayoutInfoAdapter: boolean validBounds(android.app.Activity,androidx.window.core.Bounds)
com.google.protobuf.Timestamp: com.google.protobuf.Timestamp DEFAULT_INSTANCE
com.google.firestore.v1.DocumentTransform
com.google.firestore.bundle.BundledQuery: com.google.firestore.bundle.BundledQuery DEFAULT_INSTANCE
io.flutter.embedding.engine.FlutterJNI: void nativePrefetchDefaultFontManager()
androidx.appcompat.widget.AppCompatSpinner: void setPopupBackgroundDrawable(android.graphics.drawable.Drawable)
com.google.android.gms.internal.measurement.zzek: int zzd
androidx.appcompat.widget.SearchView: void setQuery(java.lang.CharSequence)
com.google.firestore.v1.ListenRequest: int DATABASE_FIELD_NUMBER
com.google.firestore.v1.Write: int CURRENT_DOCUMENT_FIELD_NUMBER
androidx.appcompat.widget.AppCompatRadioButton: void setButtonDrawable(int)
com.google.android.gms.internal.firebase-auth-api.zzadf: com.google.android.gms.internal.firebase-auth-api.zzafo zzc
androidx.appcompat.widget.Toolbar: Toolbar(android.content.Context,android.util.AttributeSet)
io.grpc.okhttp.internal.framed.ErrorCode: io.grpc.okhttp.internal.framed.ErrorCode valueOf(java.lang.String)
com.google.android.gms.internal.measurement.zzgd: java.lang.String zzt
androidx.window.embedding.SplitPlaceholderRule: java.util.Set getFilters()
androidx.window.embedding.SplitPairFilter: android.content.ComponentName getSecondaryActivityName()
androidx.vectordrawable.graphics.drawable.VectorDrawableCompat$VFullPath: void setStrokeAlpha(float)
com.google.android.gms.internal.firebase-auth-api.zzlm
com.google.firestore.v1.StructuredQuery$Projection
io.grpc.Context$DirectExecutor: io.grpc.Context$DirectExecutor valueOf(java.lang.String)
com.google.firestore.v1.RunAggregationQueryRequest: java.lang.Object queryType_
androidx.window.embedding.SplitPairRule: boolean finishPrimaryWithSecondary
androidx.vectordrawable.graphics.drawable.VectorDrawableCompat$VPathRenderer: void setRootAlpha(int)
org.xmlpull.v1.XmlPullParser: java.lang.Object getProperty(java.lang.String)