build/app/outputs/mapping/release/mapping.txt
# compiler: R8
# compiler_version: 2.1.62
# min_api: 19
# pg_map_id: 972ff43
# common_typos_disable
...
kotlinx.coroutines.internal.ExceptionsConstuctorKt$createConstructor$$inlined$safeCtor$1 -> kotlinx.coroutines.internal.i$a:
    java.lang.reflect.Constructor $constructor$inlined -> n
    java.lang.Throwable invoke(java.lang.Throwable) -> a
kotlinx.coroutines.internal.ExceptionsConstuctorKt$createConstructor$$inlined$safeCtor$2 -> kotlinx.coroutines.internal.i$b:
    java.lang.reflect.Constructor $constructor$inlined -> n
    java.lang.Throwable invoke(java.lang.Throwable) -> a
kotlinx.coroutines.internal.ExceptionsConstuctorKt$createConstructor$$inlined$safeCtor$3 -> kotlinx.coroutines.internal.i$c:
    java.lang.reflect.Constructor $constructor$inlined -> n
    java.lang.Throwable invoke(java.lang.Throwable) -> a
kotlinx.coroutines.internal.ExceptionsConstuctorKt$createConstructor$$inlined$safeCtor$4 -> kotlinx.coroutines.internal.i$d:
    java.lang.reflect.Constructor $constructor$inlined -> n
    java.lang.Throwable invoke(java.lang.Throwable) -> a
kotlinx.coroutines.internal.ExceptionsConstuctorKt$tryCopyException$$inlined$sortedByDescending$1 -> kotlinx.coroutines.internal.i$e:
kotlinx.coroutines.internal.ExceptionsConstuctorKt$tryCopyException$4$1 -> kotlinx.coroutines.internal.i$f:
    kotlinx.coroutines.internal.ExceptionsConstuctorKt$tryCopyException$4$1 INSTANCE -> n
    java.lang.Void invoke(java.lang.Throwable) -> a
kotlinx.coroutines.internal.ExceptionsConstuctorKt$tryCopyException$5$1 -> kotlinx.coroutines.internal.i$g:
    kotlinx.coroutines.internal.ExceptionsConstuctorKt$tryCopyException$5$1 INSTANCE -> n
    java.lang.Void invoke(java.lang.Throwable) -> a
kotlinx.coroutines.internal.FastServiceLoader -> kotlinx.coroutines.internal.j:
    kotlinx.coroutines.internal.FastServiceLoader INSTANCE -> a
    java.lang.Object getProviderInstance(java.lang.String,java.lang.ClassLoader,java.lang.Class) -> a
    java.util.List load(java.lang.Class,java.lang.ClassLoader) -> b
    java.util.List loadMainDispatcherFactory$kotlinx_coroutines_core() -> c
    java.util.List loadProviders$kotlinx_coroutines_core(java.lang.Class,java.lang.ClassLoader) -> d
    java.util.List parse(java.net.URL) -> e
    java.util.List parseFile(java.io.BufferedReader) -> f
kotlinx.coroutines.internal.FastServiceLoaderKt -> kotlinx.coroutines.internal.k:
    boolean ANDROID_DETECTED -> a
    boolean getANDROID_DETECTED() -> a
kotlinx.coroutines.internal.InlineList -> kotlinx.coroutines.internal.l:
    java.lang.Object constructor-impl(java.lang.Object) -> a
    java.lang.Object constructor-impl$default(java.lang.Object,int,kotlin.jvm.internal.DefaultConstructorMarker) -> b
    java.lang.Object plus-FjFbRPM(java.lang.Object,java.lang.Object) -> c
kotlinx.coroutines.internal.LockFreeLinkedListHead -> kotlinx.coroutines.internal.m:
    boolean isRemoved() -> t
kotlinx.coroutines.internal.LockFreeLinkedListKt -> kotlinx.coroutines.internal.n:
    java.lang.Object CONDITION_FALSE -> a
    java.lang.Object getCONDITION_FALSE() -> a
    kotlinx.coroutines.internal.LockFreeLinkedListNode unwrap(java.lang.Object) -> b