build/app/outputs/mapping/release/usage.txt
io.github.edufolly.flutterbluetoothserialexample.R$id
io.github.edufolly.flutterbluetoothserialexample.R$anim
io.github.edufolly.flutterbluetoothserialexample.R$dimen
io.github.edufolly.flutterbluetoothserialexample.R$color
io.github.edufolly.flutterbluetoothserialexample.R$drawable
io.github.edufolly.flutterbluetoothserialexample.BuildConfig
io.github.edufolly.flutterbluetoothserialexample.R$interpolator
io.github.edufolly.flutterbluetoothserialexample.R$styleable
io.github.edufolly.flutterbluetoothserialexample.R$xml
io.github.edufolly.flutterbluetoothserialexample.R$bool
io.github.edufolly.flutterbluetoothserialexample.R$animator
io.github.edufolly.flutterbluetoothserialexample.R$raw
io.github.edufolly.flutterbluetoothserialexample.R$attr
io.github.edufolly.flutterbluetoothserialexample.R
io.github.edufolly.flutterbluetoothserialexample.R$mipmap
io.github.edufolly.flutterbluetoothserialexample.R$style
io.github.edufolly.flutterbluetoothserialexample.R$layout
io.github.edufolly.flutterbluetoothserialexample.R$string
io.github.edufolly.flutterbluetoothserialexample.R$integer
...
com.google.firebase.auth.ActionCodeUrl:
    private final java.lang.String zzb
    private final java.lang.String zze
    private final java.lang.String zzf
androidx.fragment.app.DefaultSpecialEffectsController$2:
    final synthetic androidx.fragment.app.DefaultSpecialEffectsController this$0
com.google.android.gms.common.GooglePlayServicesUtil:
    public static final int GOOGLE_PLAY_SERVICES_VERSION_CODE
com.google.android.gms.internal.measurement.zzji:
    private static volatile int zzb
io.flutter.FlutterInjector:
    private static boolean accessed
androidx.activity.ComponentActivity:
    private final java.util.concurrent.atomic.AtomicInteger mNextLocalRequestCode
com.google.android.gms.internal.firebase-auth-api.zzda:
    final synthetic com.google.android.gms.internal.firebase-auth-api.zzdb zza
io.grpc.Metadata:
    public static final io.grpc.Metadata$BinaryMarshaller BINARY_BYTE_MARSHALLER
    static final synthetic boolean $assertionsDisabled
com.google.firebase.firestore.util.CustomClassMapper$BeanMapper:
    private final java.lang.reflect.Constructor constructor
    private final boolean throwOnUnknownProperties
    private final boolean warnOnUnknownProperties
com.google.firestore.admin.v1.Index$IndexField$Order$1
com.google.firestore.v1.DocumentTransform$FieldTransform$ServerValue:
    private static final com.google.protobuf.Internal$EnumLiteMap internalValueMap
kotlinx.coroutines.ExecutorCoroutineDispatcher:
    public static final kotlinx.coroutines.ExecutorCoroutineDispatcher$Key Key
androidx.fragment.app.DefaultSpecialEffectsController$3:
    final synthetic androidx.fragment.app.DefaultSpecialEffectsController this$0
androidx.vectordrawable.graphics.drawable.VectorDrawableCompat:
    private android.graphics.drawable.Drawable$ConstantState mCachedConstantStateDelegate
io.grpc.PersistentHashArrayMappedTrie$Node
io.grpc.internal.GrpcUtil$1:
    void <init>()
    public io.grpc.ProxiedSocketAddress proxyFor(java.net.SocketAddress)
com.google.firebase.auth.internal.zzbd:
    private com.google.android.gms.tasks.Task zzc
com.google.firestore.bundle.BundledQuery$LimitType$1
androidx.fragment.app.DefaultSpecialEffectsController$8:
    final synthetic androidx.fragment.app.DefaultSpecialEffectsController this$0
kotlin.text.CharsKt
com.google.common.math.LongMath:
    static final byte[] maxLog10ForLeadingZeros
    static final long[] powersOf10
    static final long[] halfPowersOf10
    static final long[] factorials
    static final int[] biggestBinomials
    static final int[] biggestSimpleBinomials
    private static final long[][] millerRabinBaseSets
androidx.core.provider.RequestExecutor$ReplyRunnable$1:
    final synthetic androidx.core.provider.RequestExecutor$ReplyRunnable this$0
kotlinx.coroutines.channels.AbstractChannelKt:
    public static final kotlinx.coroutines.internal.Symbol ENQUEUE_FAILED
    public static final kotlinx.coroutines.internal.Symbol HANDLER_INVOKED
com.google.firestore.v1.Value$ValueTypeCase:
    private final int value
androidx.core.provider.CallbackWithHandler$1:
    final synthetic androidx.core.provider.CallbackWithHandler this$0
com.google.android.gms.internal.measurement.zzks:
    private static final com.google.android.gms.internal.measurement.zzjr zzb
io.flutter.embedding.android.FlutterActivity$1:
    final synthetic io.flutter.embedding.android.FlutterActivity this$0
androidx.arch.core.executor.DefaultTaskExecutor$1:
    final synthetic androidx.arch.core.executor.DefaultTaskExecutor this$0
io.grpc.internal.RetriableStream$1RequestEntry:
    final synthetic io.grpc.internal.RetriableStream this$0
com.google.firebase.emulators.EmulatedServiceSettings:
    public int getPort()
io.grpc.InternalChannelz:
    private final java.util.concurrent.ConcurrentNavigableMap servers
    private final java.util.concurrent.ConcurrentMap perServerSockets
    static final synthetic boolean $assertionsDisabled